<?xml version="1.0" encoding="UTF-8"?>
<!-- Generated by org.testng.reporters.JUnitReportReporter -->
<testsuite skipped="0" hostname="ShyamSubhashPawar-FLTSTD0378" name="com.assignment.fancode.FancodeTest" tests="1" failures="0" timestamp="15 Jul 2024 04:57:09 GMT" time="7.549" errors="0">
  <testcase name="TaskCompletedMoreThan50PercentTest" time="7.549" classname="com.assignment.fancode.FancodeTest"/>
</testsuite> <!-- com.assignment.fancode.FancodeTest -->
